<?xml version="1.0" encoding="UTF-8"?>
<!-- Generated by org.testng.reporters.JUnitReportReporter -->
<testsuite hostname="LAPTOP-RJ9EV7JT" failures="0" tests="2" name="TestNgPackForLacoste.VerifyMainPage" time="81.180" errors="0" timestamp="2023-04-05T14:47:49 IST" skipped="0">
  <testcase classname="TestNgPackForLacoste.VerifyMainPage" name="VerifyTittlePresentOnTheMainPage" time="43.599"/>
  <system-out/>
  <testcase classname="TestNgPackForLacoste.VerifyMainPage" name="VerifyTittlePresentOnTheMainPage" time="37.581"/>
  <system-out/>
</testsuite> <!-- TestNgPackForLacoste.VerifyMainPage -->
